<?xml version="1.0" encoding="UTF-8"?>
<testng-results skipped="0" failed="0" ignored="0" total="1" passed="1">
  <reporter-output>
  </reporter-output>
  <suite name="Default suite" duration-ms="11183" started-at="2020-05-21T21:49:47 IST" finished-at="2020-05-21T21:49:58 IST">
    <groups>
    </groups>
    <test name="Default test" duration-ms="11183" started-at="2020-05-21T21:49:47 IST" finished-at="2020-05-21T21:49:58 IST">
      <class name="com.test.LoadTest01">
        <test-method status="PASS" signature="beforeClass()[pri:0, instance:com.test.LoadTest01@61f8bee4]" name="beforeClass" is-config="true" duration-ms="7435" started-at="2020-05-21T21:49:47 IST" finished-at="2020-05-21T21:49:54 IST">
          <reporter-output>
          </reporter-output>
        </test-method> <!-- beforeClass -->
        <test-method status="PASS" signature="verifySearchButton()[pri:0, instance:com.test.LoadTest01@61f8bee4]" name="verifySearchButton" duration-ms="2282" started-at="2020-05-21T21:49:54 IST" finished-at="2020-05-21T21:49:57 IST">
          <reporter-output>
          </reporter-output>
        </test-method> <!-- verifySearchButton -->
        <test-method status="PASS" signature="afterClass()[pri:0, instance:com.test.LoadTest01@61f8bee4]" name="afterClass" is-config="true" duration-ms="1420" started-at="2020-05-21T21:49:57 IST" finished-at="2020-05-21T21:49:58 IST">
          <reporter-output>
          </reporter-output>
        </test-method> <!-- afterClass -->
      </class> <!-- com.test.LoadTest01 -->
    </test> <!-- Default test -->
  </suite> <!-- Default suite -->
</testng-results>
